2023-03-03 18:32:40.794	info	mysql/conf_mysql.go:32	æ•°æ®åº“è¿æ¥æˆåŠŸ
2023-03-03 18:55:11.792	[34mINFO[0m	mysql/conf_mysql.go:32	æ•°æ®åº“è¿æ¥æˆåŠŸ
2023-03-03 19:08:45.744	[INFO]	mysql/conf_mysql.go:32	æ•°æ®åº“è¿æ¥æˆåŠŸ
2023-03-03 19:09:10.571	[34mINFO[0m	mysql/conf_mysql.go:32	æ•°æ®åº“è¿æ¥æˆåŠŸ
2023-03-03 20:00:13.039	[34mINFO[0m	mysql/conf_mysql.go:32	æ•°æ®åº“è¿æ¥æˆåŠŸ
2023-03-03 20:05:59.762	[34mINFO[0m	mysql/conf_mysql.go:32	æ•°æ®åº“è¿æ¥æˆåŠŸ
2023-03-03 20:05:59.763	[31mERROR[0m	log/conf_logger.go:130	Ignored key without a value.	{"ignored": "0.0.0.0:%!d(string=8087)"}
2023-03-03 20:05:59.763	[34mINFO[0m	system/conf_system.go:13	blog is running at,
2023-03-03 20:06:47.573	[34mINFO[0m	mysql/conf_mysql.go:32	æ•°æ®åº“è¿æ¥æˆåŠŸ
2023-03-03 20:06:47.573	[31mERROR[0m	log/conf_logger.go:130	Ignored key without a value.	{"ignored": "0.0.0.0:%!d(string=8087)"}
2023-03-03 20:06:47.573	[34mINFO[0m	system/conf_system.go:13	blog is running at,
2023-03-03 20:07:15.028	[34mINFO[0m	mysql/conf_mysql.go:32	æ•°æ®åº“è¿æ¥æˆåŠŸ
2023-03-03 20:07:15.029	[31mERROR[0m	log/conf_logger.go:130	Ignored key without a value.	{"ignored": "0.0.0.0:%!d(string=8080)"}
2023-03-03 20:07:15.029	[34mINFO[0m	system/conf_system.go:13	blog is running at,
2023-03-03 20:08:21.280	[34mINFO[0m	mysql/conf_mysql.go:32	æ•°æ®åº“è¿æ¥æˆåŠŸ
2023-03-03 20:08:21.280	[31mERROR[0m	log/conf_logger.go:130	Ignored key without a value.	{"ignored": "0.0.0.0%!(EXTRA string=:, string=8080)"}
2023-03-03 20:08:21.280	[34mINFO[0m	system/conf_system.go:11	blog is running at,
2023-03-03 20:08:46.263	[34mINFO[0m	mysql/conf_mysql.go:32	æ•°æ®åº“è¿æ¥æˆåŠŸ
2023-03-03 20:09:39.269	[34mINFO[0m	mysql/conf_mysql.go:32	æ•°æ®åº“è¿æ¥æˆåŠŸ
2023-03-03 20:09:39.270	[31mERROR[0m	log/conf_logger.go:130	Ignored key without a value.	{"ignored": "0.0.0.0%!(EXTRA string=:, string=8080)"}
2023-03-03 20:09:39.270	[34mINFO[0m	system/conf_system.go:11	blog is running at,
2023-03-03 20:11:39.994	[34mINFO[0m	mysql/conf_mysql.go:32	æ•°æ®åº“è¿æ¥æˆåŠŸ
2023-03-03 20:11:39.995	[34mINFO[0m	system/conf_system.go:11	0.0.0.0:8080
2023-03-03 20:12:38.441	[34mINFO[0m	mysql/conf_mysql.go:32	æ•°æ®åº“è¿æ¥æˆåŠŸ
2023-03-03 20:12:38.442	[34mINFO[0m	system/conf_system.go:11	blog sever is running at 0.0.0.0:8080
2023-03-03 20:15:03.481	[34mINFO[0m	mysql/conf_mysql.go:32	æ•°æ®åº“è¿æ¥æˆåŠŸ
2023-03-03 20:15:03.482	[34mINFO[0m	system/conf_system.go:11	blog sever is running at 0.0.0.0:8080
2023-03-03 20:40:49.868	[34mINFO[0m	mysql/conf_mysql.go:32	æ•°æ®åº“è¿æ¥æˆåŠŸ
2023-03-03 20:40:49.868	[34mINFO[0m	system/conf_system.go:11	blog sever is running at 0.0.0.0:8080
2023-03-03 21:10:05.312	[34mINFO[0m	mysql/conf_mysql.go:32	æ•°æ®åº“è¿æ¥æˆåŠŸ
2023-03-03 21:10:05.313	[34mINFO[0m	system/conf_system.go:11	blog sever is running at 0.0.0.0:8080
2023-03-03 21:10:52.900	[34mINFO[0m	mysql/conf_mysql.go:32	æ•°æ®åº“è¿æ¥æˆåŠŸ
2023-03-03 21:10:52.901	[34mINFO[0m	system/conf_system.go:11	blog sever is running at 0.0.0.0:8080
2023-03-03 21:33:59.770	[34mINFO[0m	mysql/conf_mysql.go:32	æ•°æ®åº“è¿æ¥æˆåŠŸ
2023-03-03 21:33:59.771	[34mINFO[0m	system/conf_system.go:11	blog sever is running at 0.0.0.0:8080
2023-03-03 21:44:40.289	[34mINFO[0m	mysql/conf_mysql.go:32	æ•°æ®åº“è¿æ¥æˆåŠŸ
2023-03-03 21:44:40.291	[34mINFO[0m	system/conf_system.go:11	blog sever is running at 0.0.0.0:8080
2023-03-03 21:44:40.317	[34mINFO[0m	mysql/conf_mysql.go:32	æ•°æ®åº“è¿æ¥æˆåŠŸ
2023-03-03 21:44:40.317	[34mINFO[0m	system/conf_system.go:11	blog sever is running at 0.0.0.0:8080
2023-03-03 21:44:47.719	[34mINFO[0m	mysql/conf_mysql.go:32	æ•°æ®åº“è¿æ¥æˆåŠŸ
2023-03-03 21:44:47.719	[34mINFO[0m	system/conf_system.go:11	blog sever is running at 0.0.0.0:8080
2023-03-03 21:45:43.495	[34mINFO[0m	mysql/conf_mysql.go:32	æ•°æ®åº“è¿æ¥æˆåŠŸ
2023-03-03 21:45:43.496	[34mINFO[0m	system/conf_system.go:11	blog sever is running at 0.0.0.0:8087
2023-03-03 22:01:39.296	[34mINFO[0m	mysql/conf_mysql.go:32	æ•°æ®åº“è¿æ¥æˆåŠŸ
2023-03-03 22:01:39.296	[34mINFO[0m	system/conf_system.go:11	blog sever is running at 0.0.0.0:8087
2023-03-03 22:03:09.664	[34mINFO[0m	mysql/conf_mysql.go:32	æ•°æ®åº“è¿æ¥æˆåŠŸ
2023-03-03 22:03:09.664	[34mINFO[0m	system/conf_system.go:11	blog sever is running at 0.0.0.0:8087
2023-03-03 22:03:40.903	[34mINFO[0m	mysql/conf_mysql.go:32	æ•°æ®åº“è¿æ¥æˆåŠŸ
2023-03-03 22:03:40.904	[34mINFO[0m	system/conf_system.go:11	blog sever is running at 0.0.0.0:8087
2023-03-03 22:06:42.992	[34mINFO[0m	mysql/conf_mysql.go:32	æ•°æ®åº“è¿æ¥æˆåŠŸ
2023-03-03 22:06:42.993	[34mINFO[0m	system/conf_system.go:11	blog sever is running at 0.0.0.0:8087
2023-03-03 22:29:39.168	[34mINFO[0m	mysql/conf_mysql.go:32	æ•°æ®åº“è¿æ¥æˆåŠŸ
2023-03-03 22:29:39.168	[34mINFO[0m	system/conf_system.go:11	blog sever is running at 0.0.0.0:8087
2023-03-03 23:51:40.019	[34mINFO[0m	mysql/conf_mysql.go:32	æ•°æ®åº“è¿æ¥æˆåŠŸ
2023-03-03 23:51:40.019	[34mINFO[0m	system/conf_system.go:11	blog sever is running at 0.0.0.0:8087
2023-03-04 10:44:04.201	[34mINFO[0m	mysql/conf_mysql.go:32	æ•°æ®åº“è¿æ¥æˆåŠŸ
2023-03-04 10:44:04.202	[34mINFO[0m	system/conf_system.go:11	blog sever is running at 0.0.0.0:8087
2023-03-04 10:44:48.509	[34mINFO[0m	mysql/conf_mysql.go:32	æ•°æ®åº“è¿æ¥æˆåŠŸ
2023-03-04 10:44:48.509	[34mINFO[0m	system/conf_system.go:11	blog sever is running at 0.0.0.0:8087
2023-03-05 13:31:55.086	[34mINFO[0m	mysql/conf_mysql.go:32	æ•°æ®åº“è¿æ¥æˆåŠŸ
2023-03-05 13:31:55.087	[34mINFO[0m	system/conf_system.go:11	blog sever is running at 0.0.0.0:8087
2023-03-05 13:53:22.187	[34mINFO[0m	mysql/conf_mysql.go:32	æ•°æ®åº“è¿æ¥æˆåŠŸ
2023-03-05 13:53:22.187	[34mINFO[0m	system/conf_system.go:11	blog sever is running at 0.0.0.0:8087
2023-03-05 15:49:30.343	[34mINFO[0m	mysql/conf_mysql.go:34	æ•°æ®åº“è¿æ¥æˆåŠŸ
2023-03-05 15:49:30.344	[34mINFO[0m	system/conf_system.go:11	blog sever is running at 0.0.0.0:8087
2023-03-05 15:50:29.185	[34mINFO[0m	mysql/conf_mysql.go:34	æ•°æ®åº“è¿æ¥æˆåŠŸ
2023-03-05 15:50:29.202	[31mERROR[0m	log/conf_logger.go:157	Ignored key without a value.	{"ignored": "invalid field found for struct gbv2/models.CommentModel's field SubComments: define a valid foreign key for relations or implement the Valuer/Scanner interface"}
2023-03-05 15:50:29.202	[31mPANIC[0m	mysql/auto_migrate.go:27	æ•°æ®è‡ªåŠ¨è¿ç§»å¤±è´¥
gbv2/config/mysql.AutoMigrate
	E:/study/coding/go/goblogv2/config/mysql/auto_migrate.go:27
gbv2/config.InitConfig
	E:/study/coding/go/goblogv2/config/enter.go:15
gbv2/cmd.glob..func4
	E:/study/coding/go/goblogv2/cmd/root.go:30
github.com/spf13/cobra.(*Command).execute
	D:/go/goPath/pkg/mod/github.com/spf13/cobra@v1.6.1/command.go:920
github.com/spf13/cobra.(*Command).ExecuteC
	D:/go/goPath/pkg/mod/github.com/spf13/cobra@v1.6.1/command.go:1044
github.com/spf13/cobra.(*Command).Execute
	D:/go/goPath/pkg/mod/github.com/spf13/cobra@v1.6.1/command.go:968
gbv2/cmd.Execute
	E:/study/coding/go/goblogv2/cmd/root.go:39
main.main
	E:/study/coding/go/goblogv2/main.go:10
runtime.main
	D:/go/go1.19/src/runtime/proc.go:250
2023-03-05 15:50:44.921	[34mINFO[0m	mysql/conf_mysql.go:34	æ•°æ®åº“è¿æ¥æˆåŠŸ
2023-03-05 15:50:44.938	[31mERROR[0m	log/conf_logger.go:157	Ignored key without a value.	{"ignored": "invalid field found for struct gbv2/models.CommentModel's field SubComments: define a valid foreign key for relations or implement the Valuer/Scanner interface"}
2023-03-05 15:50:44.937	[31mPANIC[0m	mysql/auto_migrate.go:27	æ•°æ®è‡ªåŠ¨è¿ç§»å¤±è´¥
gbv2/config/mysql.AutoMigrate
	E:/study/coding/go/goblogv2/config/mysql/auto_migrate.go:27
gbv2/config.InitConfig
	E:/study/coding/go/goblogv2/config/enter.go:15
gbv2/cmd.glob..func4
	E:/study/coding/go/goblogv2/cmd/root.go:30
github.com/spf13/cobra.(*Command).execute
	D:/go/goPath/pkg/mod/github.com/spf13/cobra@v1.6.1/command.go:920
github.com/spf13/cobra.(*Command).ExecuteC
	D:/go/goPath/pkg/mod/github.com/spf13/cobra@v1.6.1/command.go:1044
github.com/spf13/cobra.(*Command).Execute
	D:/go/goPath/pkg/mod/github.com/spf13/cobra@v1.6.1/command.go:968
gbv2/cmd.Execute
	E:/study/coding/go/goblogv2/cmd/root.go:39
main.main
	E:/study/coding/go/goblogv2/main.go:10
runtime.main
	D:/go/go1.19/src/runtime/proc.go:250
2023-03-05 15:52:09.953	[34mINFO[0m	mysql/conf_mysql.go:34	æ•°æ®åº“è¿æ¥æˆåŠŸ
2023-03-05 15:52:09.969	[31mERROR[0m	log/conf_logger.go:157	Ignored key without a value.	{"ignored": "invalid field found for struct gbv2/models.CommentModel's field SubComments: define a valid foreign key for relations or implement the Valuer/Scanner interface"}
2023-03-05 15:52:09.969	[31mPANIC[0m	mysql/auto_migrate.go:27	æ•°æ®è‡ªåŠ¨è¿ç§»å¤±è´¥
gbv2/config/mysql.AutoMigrate
	E:/study/coding/go/goblogv2/config/mysql/auto_migrate.go:27
gbv2/config.InitConfig
	E:/study/coding/go/goblogv2/config/enter.go:15
gbv2/cmd.glob..func4
	E:/study/coding/go/goblogv2/cmd/root.go:30
github.com/spf13/cobra.(*Command).execute
	D:/go/goPath/pkg/mod/github.com/spf13/cobra@v1.6.1/command.go:920
github.com/spf13/cobra.(*Command).ExecuteC
	D:/go/goPath/pkg/mod/github.com/spf13/cobra@v1.6.1/command.go:1044
github.com/spf13/cobra.(*Command).Execute
	D:/go/goPath/pkg/mod/github.com/spf13/cobra@v1.6.1/command.go:968
gbv2/cmd.Execute
	E:/study/coding/go/goblogv2/cmd/root.go:39
main.main
	E:/study/coding/go/goblogv2/main.go:10
runtime.main
	D:/go/go1.19/src/runtime/proc.go:250
2023-03-05 15:53:38.572	[34mINFO[0m	mysql/conf_mysql.go:34	æ•°æ®åº“è¿æ¥æˆåŠŸ
2023-03-05 15:53:38.701	[31mERROR[0m	log/conf_logger.go:157	Ignored key without a value.	{"ignored": "invalid field found for struct gbv2/models.ArticleModel's field UserModel: define a valid foreign key for relations or implement the Valuer/Scanner interface"}
2023-03-05 15:53:38.701	[31mPANIC[0m	mysql/auto_migrate.go:27	æ•°æ®è‡ªåŠ¨è¿ç§»å¤±è´¥
gbv2/config/mysql.AutoMigrate
	E:/study/coding/go/goblogv2/config/mysql/auto_migrate.go:27
gbv2/config.InitConfig
	E:/study/coding/go/goblogv2/config/enter.go:15
gbv2/cmd.glob..func4
	E:/study/coding/go/goblogv2/cmd/root.go:30
github.com/spf13/cobra.(*Command).execute
	D:/go/goPath/pkg/mod/github.com/spf13/cobra@v1.6.1/command.go:920
github.com/spf13/cobra.(*Command).ExecuteC
	D:/go/goPath/pkg/mod/github.com/spf13/cobra@v1.6.1/command.go:1044
github.com/spf13/cobra.(*Command).Execute
	D:/go/goPath/pkg/mod/github.com/spf13/cobra@v1.6.1/command.go:968
gbv2/cmd.Execute
	E:/study/coding/go/goblogv2/cmd/root.go:39
main.main
	E:/study/coding/go/goblogv2/main.go:10
runtime.main
	D:/go/go1.19/src/runtime/proc.go:250
2023-03-05 15:56:23.441	[34mINFO[0m	mysql/conf_mysql.go:34	æ•°æ®åº“è¿æ¥æˆåŠŸ
2023-03-05 15:56:23.946	[34mINFO[0m	mysql/auto_migrate.go:29	è¿ç§»æˆåŠŸ
2023-03-05 15:56:23.947	[34mINFO[0m	system/conf_system.go:11	blog sever is running at 0.0.0.0:8087
2023-03-05 15:57:58.831	[34mINFO[0m	mysql/conf_mysql.go:34	æ•°æ®åº“è¿æ¥æˆåŠŸ
2023-03-05 15:57:59.332	[34mINFO[0m	mysql/auto_migrate.go:29	è¿ç§»æˆåŠŸ
2023-03-05 15:57:59.332	[34mINFO[0m	system/conf_system.go:11	blog sever is running at 0.0.0.0:8087
2023-03-05 16:03:55.122	[34mINFO[0m	mysql/conf_mysql.go:34	æ•°æ®åº“è¿æ¥æˆåŠŸ
2023-03-05 16:03:55.603	[34mINFO[0m	mysql/auto_migrate.go:29	è¿ç§»æˆåŠŸ
2023-03-05 16:03:55.603	[34mINFO[0m	system/conf_system.go:11	blog sever is running at 0.0.0.0:8087
2023-03-05 16:09:15.018	[34mINFO[0m	mysql/conf_mysql.go:34	æ•°æ®åº“è¿æ¥æˆåŠŸ
2023-03-05 16:09:15.558	[34mINFO[0m	mysql/auto_migrate.go:29	è¿ç§»æˆåŠŸ
2023-03-05 16:09:15.559	[34mINFO[0m	system/conf_system.go:11	blog sever is running at 0.0.0.0:8087
2023-03-05 16:12:17.648	[34mINFO[0m	mysql/conf_mysql.go:34	æ•°æ®åº“è¿æ¥æˆåŠŸ
2023-03-05 16:12:18.062	[34mINFO[0m	mysql/auto_migrate.go:28	è¿ç§»æˆåŠŸ
2023-03-05 16:12:18.062	[34mINFO[0m	system/conf_system.go:11	blog sever is running at 0.0.0.0:8087
2023-03-05 16:19:22.629	[34mINFO[0m	mysql/conf_mysql.go:34	æ•°æ®åº“è¿æ¥æˆåŠŸ
2023-03-05 16:19:22.812	[31mERROR[0m	log/conf_logger.go:157	Ignored key without a value.	{"ignored": "Error 3734 (HY000): Failed to add the foreign key constraint. Missing column 'article_id' for constraint 'fk_user_collect_models_user_collect_model' in the referenced table 'user_collect_models'"}
2023-03-05 16:19:22.812	[31mPANIC[0m	mysql/auto_migrate.go:26	æ•°æ®è‡ªåŠ¨è¿ç§»å¤±è´¥
gbv2/config/mysql.AutoMigrate
	E:/study/coding/go/goblogv2/config/mysql/auto_migrate.go:26
gbv2/config.InitConfig
	E:/study/coding/go/goblogv2/config/enter.go:15
gbv2/cmd.glob..func4
	E:/study/coding/go/goblogv2/cmd/root.go:30
github.com/spf13/cobra.(*Command).execute
	D:/go/goPath/pkg/mod/github.com/spf13/cobra@v1.6.1/command.go:920
github.com/spf13/cobra.(*Command).ExecuteC
	D:/go/goPath/pkg/mod/github.com/spf13/cobra@v1.6.1/command.go:1044
github.com/spf13/cobra.(*Command).Execute
	D:/go/goPath/pkg/mod/github.com/spf13/cobra@v1.6.1/command.go:968
gbv2/cmd.Execute
	E:/study/coding/go/goblogv2/cmd/root.go:39
main.main
	E:/study/coding/go/goblogv2/main.go:10
runtime.main
	D:/go/go1.19/src/runtime/proc.go:250
2023-03-05 16:20:41.910	[34mINFO[0m	mysql/conf_mysql.go:34	æ•°æ®åº“è¿æ¥æˆåŠŸ
2023-03-05 16:20:41.963	[31mERROR[0m	log/conf_logger.go:157	Ignored key without a value.	{"ignored": "Error 3734 (HY000): Failed to add the foreign key constraint. Missing column 'article_id' for constraint 'fk_user_collect_models_user_collect_model' in the referenced table 'user_collect_models'"}
2023-03-05 16:20:41.963	[31mPANIC[0m	mysql/auto_migrate.go:26	æ•°æ®è‡ªåŠ¨è¿ç§»å¤±è´¥
gbv2/config/mysql.AutoMigrate
	E:/study/coding/go/goblogv2/config/mysql/auto_migrate.go:26
gbv2/config.InitConfig
	E:/study/coding/go/goblogv2/config/enter.go:15
gbv2/cmd.glob..func4
	E:/study/coding/go/goblogv2/cmd/root.go:30
github.com/spf13/cobra.(*Command).execute
	D:/go/goPath/pkg/mod/github.com/spf13/cobra@v1.6.1/command.go:920
github.com/spf13/cobra.(*Command).ExecuteC
	D:/go/goPath/pkg/mod/github.com/spf13/cobra@v1.6.1/command.go:1044
github.com/spf13/cobra.(*Command).Execute
	D:/go/goPath/pkg/mod/github.com/spf13/cobra@v1.6.1/command.go:968
gbv2/cmd.Execute
	E:/study/coding/go/goblogv2/cmd/root.go:39
main.main
	E:/study/coding/go/goblogv2/main.go:10
runtime.main
	D:/go/go1.19/src/runtime/proc.go:250
2023-03-05 16:25:08.442	[34mINFO[0m	mysql/conf_mysql.go:34	æ•°æ®åº“è¿æ¥æˆåŠŸ
2023-03-05 16:25:08.671	[34mINFO[0m	mysql/auto_migrate.go:28	è¿ç§»æˆåŠŸ
2023-03-05 16:25:08.671	[34mINFO[0m	system/conf_system.go:11	blog sever is running at 0.0.0.0:8087
2023-03-05 16:25:48.775	[34mINFO[0m	mysql/conf_mysql.go:34	æ•°æ®åº“è¿æ¥æˆåŠŸ
2023-03-05 16:25:49.171	[34mINFO[0m	mysql/auto_migrate.go:28	è¿ç§»æˆåŠŸ
2023-03-05 16:25:49.172	[34mINFO[0m	system/conf_system.go:11	blog sever is running at 0.0.0.0:8087
